九月 25, 2019 12:37:30 上午 org.apache.catalina.core.ApplicationContext log
信息: ContextListener: contextInitialized()
九月 25, 2019 12:37:30 上午 org.apache.catalina.core.ApplicationContext log
信息: SessionListener: contextInitialized()
九月 25, 2019 12:37:30 上午 org.apache.catalina.core.ApplicationContext log
信息: ContextListener: attributeAdded('org.apache.jasper.compiler.TldLocationsCache', 'org.apache.jasper.compiler.TldLocationsCache@3d942bf5')
九月 25, 2019 12:43:47 上午 org.apache.catalina.core.ApplicationContext log
信息: ContextListener: contextInitialized()
九月 25, 2019 12:43:47 上午 org.apache.catalina.core.ApplicationContext log
信息: SessionListener: contextInitialized()
九月 25, 2019 12:43:47 上午 org.apache.catalina.core.ApplicationContext log
信息: ContextListener: attributeAdded('org.apache.jasper.compiler.TldLocationsCache', 'org.apache.jasper.compiler.TldLocationsCache@16d1291f')
九月 25, 2019 12:46:11 上午 org.apache.catalina.core.ApplicationContext log
信息: ContextListener: contextInitialized()
九月 25, 2019 12:46:11 上午 org.apache.catalina.core.ApplicationContext log
信息: SessionListener: contextInitialized()
九月 25, 2019 12:46:11 上午 org.apache.catalina.core.ApplicationContext log
信息: ContextListener: attributeAdded('org.apache.jasper.compiler.TldLocationsCache', 'org.apache.jasper.compiler.TldLocationsCache@d33b032')
九月 25, 2019 12:47:52 上午 org.apache.catalina.core.ApplicationContext log
信息: ContextListener: contextInitialized()
九月 25, 2019 12:47:52 上午 org.apache.catalina.core.ApplicationContext log
信息: SessionListener: contextInitialized()
九月 25, 2019 12:47:52 上午 org.apache.catalina.core.ApplicationContext log
信息: ContextListener: attributeAdded('org.apache.jasper.compiler.TldLocationsCache', 'org.apache.jasper.compiler.TldLocationsCache@10d665d3')
九月 25, 2019 12:48:50 上午 org.apache.catalina.core.ApplicationContext log
信息: ContextListener: contextInitialized()
九月 25, 2019 12:48:50 上午 org.apache.catalina.core.ApplicationContext log
信息: SessionListener: contextInitialized()
九月 25, 2019 12:48:50 上午 org.apache.catalina.core.ApplicationContext log
信息: ContextListener: attributeAdded('org.apache.jasper.compiler.TldLocationsCache', 'org.apache.jasper.compiler.TldLocationsCache@7845d75a')
九月 25, 2019 10:17:07 下午 org.apache.catalina.core.ApplicationContext log
信息: ContextListener: contextInitialized()
九月 25, 2019 10:17:07 下午 org.apache.catalina.core.ApplicationContext log
信息: SessionListener: contextInitialized()
九月 25, 2019 10:17:07 下午 org.apache.catalina.core.ApplicationContext log
信息: ContextListener: attributeAdded('org.apache.jasper.compiler.TldLocationsCache', 'org.apache.jasper.compiler.TldLocationsCache@3561fb9')
九月 25, 2019 10:22:58 下午 org.apache.catalina.core.ApplicationContext log
信息: ContextListener: contextInitialized()
九月 25, 2019 10:22:58 下午 org.apache.catalina.core.ApplicationContext log
信息: SessionListener: contextInitialized()
九月 25, 2019 10:22:58 下午 org.apache.catalina.core.ApplicationContext log
信息: ContextListener: attributeAdded('org.apache.jasper.compiler.TldLocationsCache', 'org.apache.jasper.compiler.TldLocationsCache@51e322a7')
九月 25, 2019 10:25:05 下午 org.apache.catalina.core.ApplicationContext log
信息: ContextListener: contextInitialized()
九月 25, 2019 10:25:05 下午 org.apache.catalina.core.ApplicationContext log
信息: SessionListener: contextInitialized()
九月 25, 2019 10:25:05 下午 org.apache.catalina.core.ApplicationContext log
信息: ContextListener: attributeAdded('org.apache.jasper.compiler.TldLocationsCache', 'org.apache.jasper.compiler.TldLocationsCache@51e322a7')
九月 25, 2019 10:25:52 下午 org.apache.catalina.core.ApplicationContext log
信息: ContextListener: contextInitialized()
九月 25, 2019 10:25:52 下午 org.apache.catalina.core.ApplicationContext log
信息: SessionListener: contextInitialized()
九月 25, 2019 10:25:52 下午 org.apache.catalina.core.ApplicationContext log
信息: ContextListener: attributeAdded('org.apache.jasper.compiler.TldLocationsCache', 'org.apache.jasper.compiler.TldLocationsCache@16d1291f')
