十月 02, 2019 2:41:21 上午 org.apache.catalina.core.ApplicationContext log
信息: HTMLManager: init: Associated with Deployer 'Catalina:type=Deployer,host=localhost'
十月 02, 2019 2:41:21 上午 org.apache.catalina.core.ApplicationContext log
信息: HTMLManager: init: Global resources are available
十月 02, 2019 2:41:21 上午 org.apache.catalina.core.ApplicationContext log
信息: HTMLManager: list: Listing contexts for virtual host 'localhost'
十月 02, 2019 2:43:23 上午 org.apache.catalina.core.ApplicationContext log
信息: HTMLManager: list: Listing contexts for virtual host 'localhost'
十月 02, 2019 2:44:20 上午 org.apache.catalina.core.ApplicationContext log
信息: HTMLManager: sessions: Session information for web application '/usermanager'
十月 02, 2019 2:44:20 上午 org.apache.catalina.core.ApplicationContext log
信息: HTMLManager: sessions: Session expiration for 30 minutes '/usermanager'
十月 02, 2019 2:44:20 上午 org.apache.catalina.core.ApplicationContext log
信息: HTMLManager: list: Listing contexts for virtual host 'localhost'
十月 02, 2019 2:44:28 上午 org.apache.catalina.core.ApplicationContext log
信息: HTMLManager: undeploy: Undeploying web application at '/usermanager'
十月 02, 2019 2:44:29 上午 org.apache.catalina.core.ApplicationContext log
信息: HTMLManager: list: Listing contexts for virtual host 'localhost'
十月 02, 2019 2:44:55 上午 org.apache.catalina.core.ApplicationContext log
信息: HTMLManager: list: Listing contexts for virtual host 'localhost'
十月 02, 2019 2:45:28 上午 org.apache.catalina.core.ApplicationContext log
信息: HTMLManager: undeploy: Undeploying web application at '/usermanager'
十月 02, 2019 2:45:29 上午 org.apache.catalina.core.ApplicationContext log
信息: HTMLManager: list: Listing contexts for virtual host 'localhost'
十月 02, 2019 2:45:44 上午 org.apache.catalina.core.ApplicationContext log
信息: HTMLManager: undeploy: Undeploying web application at '/usermanager'
十月 02, 2019 2:45:45 上午 org.apache.catalina.core.ApplicationContext log
信息: HTMLManager: list: Listing contexts for virtual host 'localhost'
十月 02, 2019 2:46:06 上午 org.apache.catalina.core.ApplicationContext log
信息: HTMLManager: undeploy: Undeploying web application at '/usermanager'
十月 02, 2019 2:46:07 上午 org.apache.catalina.core.ApplicationContext log
信息: HTMLManager: list: Listing contexts for virtual host 'localhost'
十月 02, 2019 2:46:34 上午 org.apache.catalina.core.ApplicationContext log
信息: HTMLManager: undeploy: Undeploying web application at '/usermanager'
十月 02, 2019 2:46:35 上午 org.apache.catalina.core.ApplicationContext log
信息: HTMLManager: list: Listing contexts for virtual host 'localhost'
